<?xml version="1.0" encoding="UTF-8"?>
<testng-results ignored="0" total="2" passed="2" failed="0" skipped="0">
  <reporter-output>
  </reporter-output>
  <suite started-at="2024-01-15T21:22:56 IST" name="Sample Suite" finished-at="2024-01-15T21:23:18 IST" duration-ms="21496">
    <groups>
    </groups>
    <test started-at="2024-01-15T21:22:56 IST" name="Learning Testing and Jenkins" finished-at="2024-01-15T21:23:18 IST" duration-ms="21496">
      <class name="com.acts.amazontest.AmazonTest">
        <test-method is-config="true" signature="setUp()[pri:0, instance:com.acts.amazontest.AmazonTest@6bbe85a8]" started-at="2024-01-15T21:22:56 IST" name="setUp" finished-at="2024-01-15T21:22:59 IST" duration-ms="3088" status="PASS">
          <reporter-output>
          </reporter-output>
        </test-method> <!-- setUp -->
        <test-method signature="verifyAmazonPageTittle()[pri:0, instance:com.acts.amazontest.AmazonTest@6bbe85a8]" started-at="2024-01-15T21:23:00 IST" name="verifyAmazonPageTittle" finished-at="2024-01-15T21:23:13 IST" duration-ms="13351" status="PASS">
          <reporter-output>
          </reporter-output>
        </test-method> <!-- verifyAmazonPageTittle -->
        <test-method signature="verifySearchTextBox()[pri:1, instance:com.acts.amazontest.AmazonTest@6bbe85a8]" started-at="2024-01-15T21:23:13 IST" name="verifySearchTextBox" finished-at="2024-01-15T21:23:18 IST" duration-ms="4758" status="PASS">
          <reporter-output>
          </reporter-output>
        </test-method> <!-- verifySearchTextBox -->
        <test-method is-config="true" signature="tearDown()[pri:0, instance:com.acts.amazontest.AmazonTest@6bbe85a8]" started-at="2024-01-15T21:23:18 IST" name="tearDown" finished-at="2024-01-15T21:23:18 IST" duration-ms="259" status="PASS">
          <reporter-output>
          </reporter-output>
        </test-method> <!-- tearDown -->
      </class> <!-- com.acts.amazontest.AmazonTest -->
    </test> <!-- Learning Testing and Jenkins -->
  </suite> <!-- Sample Suite -->
</testng-results>
