<?xml version="1.0" encoding="UTF-8"?>
<!-- Generated by org.testng.reporters.JUnitXMLReporter -->
<testsuite ignored="0" hostname="dac8" failures="0" tests="2" name="Learning Testing and Jenkins" time="21.496" errors="0" timestamp="2024-01-15T21:23:18 IST">
  <testcase classname="com.acts.amazontest.AmazonTest" name="verifyAmazonPageTittle" time="13.351"/>
  <testcase classname="com.acts.amazontest.AmazonTest" name="verifySearchTextBox" time="4.758"/>
</testsuite> <!-- Learning Testing and Jenkins -->
